This file contains any messages produced by compilers while
running configure, to aid debugging if configure makes a mistake.

It was created by openggsn configure 0.91, which was
generated by GNU Autoconf 2.63.  Invocation command line was

  $ ./configure --no-create --no-recursion

## --------- ##
## Platform. ##
## --------- ##

hostname = localhost.localdomain
uname -m = x86_64
uname -r = 2.6.32-358.el6.x86_64
uname -s = Linux
uname -v = #1 SMP Fri Feb 22 00:31:26 UTC 2013

/usr/bin/uname -p = unknown
/bin/uname -X     = unknown

/bin/arch              = x86_64
/usr/bin/arch -k       = unknown
/usr/convex/getsysinfo = unknown
/usr/bin/hostinfo      = unknown
/bin/machine           = unknown
/usr/bin/oslevel       = unknown
/bin/universe          = unknown

PATH: /opt/OCTEON_ROOT/OCTEON-SDK-2.3.0-p8/source/tools/bin
PATH: /opt/OCTEON_ROOT/OCTEON-SDK-2.3.0-p8/source/host/bin
PATH: /usr/lib64/qt-3.3/bin
PATH: /usr/kerberos/sbin
PATH: /usr/kerberos/bin
PATH: /usr/local/sbin
PATH: /usr/local/bin
PATH: /sbin
PATH: /bin
PATH: /usr/sbin
PATH: /usr/bin
PATH: /home/wunan/cli_dir/bin/


## ----------- ##
## Core tests. ##
## ----------- ##

configure:2085: checking build system type
configure:2103: result: x86_64-unknown-linux-gnu
configure:2125: checking host system type
configure:2140: result: x86_64-unknown-linux-gnu
configure:2162: checking target system type
configure:2177: result: x86_64-unknown-linux-gnu
configure:2255: checking for gcc
configure:2271: found /usr/bin/gcc
configure:2282: result: gcc
configure:2514: checking for C compiler version
configure:2522: gcc --version >&5
gcc (GCC) 4.4.7 20120313 (Red Hat 4.4.7-3)
Copyright (C) 2010 Free Software Foundation, Inc.
This is free software; see the source for copying conditions.  There is NO
warranty; not even for MERCHANTABILITY or FITNESS FOR A PARTICULAR PURPOSE.

configure:2526: $? = 0
configure:2533: gcc -v >&5
Using built-in specs.
Target: x86_64-redhat-linux
Configured with: ../configure --prefix=/usr --mandir=/usr/share/man --infodir=/usr/share/info --with-bugurl=http://bugzilla.redhat.com/bugzilla --enable-bootstrap --enable-shared --enable-threads=posix --enable-checking=release --with-system-zlib --enable-__cxa_atexit --disable-libunwind-exceptions --enable-gnu-unique-object --enable-languages=c,c++,objc,obj-c++,java,fortran,ada --enable-java-awt=gtk --disable-dssi --with-java-home=/usr/lib/jvm/java-1.5.0-gcj-1.5.0.0/jre --enable-libgcj-multifile --enable-java-maintainer-mode --with-ecj-jar=/usr/share/java/eclipse-ecj.jar --disable-libjava-multilib --with-ppl --with-cloog --with-tune=generic --with-arch_32=i686 --build=x86_64-redhat-linux
Thread model: posix
gcc version 4.4.7 20120313 (Red Hat 4.4.7-3) (GCC) 
configure:2537: $? = 0
configure:2544: gcc -V >&5
gcc: '-V' option must have argument
configure:2548: $? = 1
configure:2571: checking for C compiler default output file name
configure:2593: gcc    conftest.c  >&5
configure:2597: $? = 0
configure:2635: result: a.out
configure:2654: checking whether the C compiler works
configure:2664: ./a.out
configure:2668: $? = 0
configure:2687: result: yes
configure:2694: checking whether we are cross compiling
configure:2696: result: no
configure:2699: checking for suffix of executables
configure:2706: gcc -o conftest    conftest.c  >&5
configure:2710: $? = 0
configure:2736: result: 
configure:2742: checking for suffix of object files
configure:2768: gcc -c   conftest.c >&5
configure:2772: $? = 0
configure:2797: result: o
configure:2801: checking whether we are using the GNU C compiler
configure:2830: gcc -c   conftest.c >&5
configure:2837: $? = 0
configure:2854: result: yes
configure:2863: checking whether gcc accepts -g
configure:2893: gcc -c -g  conftest.c >&5
configure:2900: $? = 0
configure:3001: result: yes
configure:3018: checking for gcc option to accept ISO C89
configure:3092: gcc  -c -g -O2  conftest.c >&5
configure:3099: $? = 0
configure:3122: result: none needed
configure:3154: checking for a BSD-compatible install
configure:3222: result: /usr/bin/install -c
configure:3237: checking for gawk
configure:3253: found /bin/gawk
configure:3264: result: gawk
configure:3280: checking how to run the C preprocessor
configure:3320: gcc -E  conftest.c
configure:3327: $? = 0
configure:3358: gcc -E  conftest.c
conftest.c:8:28: error: ac_nonexistent.h: No such file or directory
configure:3365: $? = 1
configure: failed program was:
| /* confdefs.h.  */
| #define PACKAGE_NAME "openggsn"
| #define PACKAGE_TARNAME "openggsn"
| #define PACKAGE_VERSION "0.91"
| #define PACKAGE_STRING "openggsn 0.91"
| #define PACKAGE_BUGREPORT "laforge@gnumonks.org"
| /* end confdefs.h.  */
| #include <ac_nonexistent.h>
configure:3398: result: gcc -E
configure:3427: gcc -E  conftest.c
configure:3434: $? = 0
configure:3465: gcc -E  conftest.c
conftest.c:8:28: error: ac_nonexistent.h: No such file or directory
configure:3472: $? = 1
configure: failed program was:
| /* confdefs.h.  */
| #define PACKAGE_NAME "openggsn"
| #define PACKAGE_TARNAME "openggsn"
| #define PACKAGE_VERSION "0.91"
| #define PACKAGE_STRING "openggsn 0.91"
| #define PACKAGE_BUGREPORT "laforge@gnumonks.org"
| /* end confdefs.h.  */
| #include <ac_nonexistent.h>
configure:3569: checking for g++
configure:3585: found /usr/bin/g++
configure:3596: result: g++
configure:3623: checking for C++ compiler version
configure:3631: g++ --version >&5
g++ (GCC) 4.4.7 20120313 (Red Hat 4.4.7-3)
Copyright (C) 2010 Free Software Foundation, Inc.
This is free software; see the source for copying conditions.  There is NO
warranty; not even for MERCHANTABILITY or FITNESS FOR A PARTICULAR PURPOSE.

configure:3635: $? = 0
configure:3642: g++ -v >&5
Using built-in specs.
Target: x86_64-redhat-linux
Configured with: ../configure --prefix=/usr --mandir=/usr/share/man --infodir=/usr/share/info --with-bugurl=http://bugzilla.redhat.com/bugzilla --enable-bootstrap --enable-shared --enable-threads=posix --enable-checking=release --with-system-zlib --enable-__cxa_atexit --disable-libunwind-exceptions --enable-gnu-unique-object --enable-languages=c,c++,objc,obj-c++,java,fortran,ada --enable-java-awt=gtk --disable-dssi --with-java-home=/usr/lib/jvm/java-1.5.0-gcj-1.5.0.0/jre --enable-libgcj-multifile --enable-java-maintainer-mode --with-ecj-jar=/usr/share/java/eclipse-ecj.jar --disable-libjava-multilib --with-ppl --with-cloog --with-tune=generic --with-arch_32=i686 --build=x86_64-redhat-linux
Thread model: posix
gcc version 4.4.7 20120313 (Red Hat 4.4.7-3) (GCC) 
configure:3646: $? = 0
configure:3653: g++ -V >&5
g++: '-V' option must have argument
configure:3657: $? = 1
configure:3660: checking whether we are using the GNU C++ compiler
configure:3689: g++ -c   conftest.cpp >&5
configure:3696: $? = 0
configure:3713: result: yes
configure:3722: checking whether g++ accepts -g
configure:3752: g++ -c -g  conftest.cpp >&5
configure:3759: $? = 0
configure:3860: result: yes
configure:3926: checking for ranlib
configure:3942: found /usr/bin/ranlib
configure:3953: result: ranlib
configure:4003: checking for a sed that does not truncate output
configure:4069: result: /bin/sed
configure:4087: checking for grep that handles long lines and -e
configure:4147: result: /bin/grep
configure:4152: checking for egrep
configure:4216: result: /bin/grep -E
configure:4221: checking for fgrep
configure:4285: result: /bin/grep -F
configure:4320: checking for ld used by gcc
configure:4387: result: /usr/bin/ld
configure:4396: checking if the linker (/usr/bin/ld) is GNU ld
configure:4411: result: yes
configure:4423: checking for BSD- or MS-compatible name lister (nm)
configure:4472: result: /usr/bin/nm -B
configure:4590: checking the name lister (/usr/bin/nm -B) interface
configure:4597: gcc -c -g -O2  conftest.c >&5
configure:4600: /usr/bin/nm -B "conftest.o"
configure:4603: output
0000000000000000 B some_variable
configure:4610: result: BSD nm
configure:4613: checking whether ln -s works
configure:4617: result: yes
configure:4625: checking the maximum length of command line arguments
configure:4745: result: 1966080
configure:4762: checking whether the shell understands some XSI constructs
configure:4772: result: yes
configure:4776: checking whether the shell understands "+="
configure:4782: result: yes
configure:4817: checking for /usr/bin/ld option to reload object files
configure:4824: result: -r
configure:4893: checking for objdump
configure:4909: found /usr/bin/objdump
configure:4920: result: objdump
configure:4952: checking how to recognize dependent libraries
configure:5148: result: pass_all
configure:5208: checking for ar
configure:5224: found /usr/bin/ar
configure:5235: result: ar
configure:5313: checking for strip
configure:5329: found /usr/bin/strip
configure:5340: result: strip
configure:5412: checking for ranlib
configure:5439: result: ranlib
configure:5529: checking command to parse /usr/bin/nm -B output from gcc object
configure:5647: gcc -c -g -O2  conftest.c >&5
configure:5650: $? = 0
configure:5654: /usr/bin/nm -B conftest.o \| sed -n -e 's/^.*[	 ]\([ABCDGIRSTW][ABCDGIRSTW]*\)[	 ][	 ]*\([_A-Za-z][_A-Za-z0-9]*\)$/\1 \2 \2/p' \> conftest.nm
configure:5657: $? = 0
configure:5711: gcc -o conftest -g -O2   conftest.c conftstm.o >&5
configure:5714: $? = 0
configure:5752: result: ok
configure:5848: gcc -c -g -O2  conftest.c >&5
configure:5851: $? = 0
configure:6615: checking for ANSI C header files
configure:6645: gcc -c -g -O2  conftest.c >&5
configure:6652: $? = 0
configure:6751: gcc -o conftest -g -O2   conftest.c  >&5
configure:6755: $? = 0
configure:6761: ./conftest
configure:6765: $? = 0
configure:6783: result: yes
configure:6807: checking for sys/types.h
configure:6828: gcc -c -g -O2  conftest.c >&5
configure:6835: $? = 0
configure:6852: result: yes
configure:6807: checking for sys/stat.h
configure:6828: gcc -c -g -O2  conftest.c >&5
configure:6835: $? = 0
configure:6852: result: yes
configure:6807: checking for stdlib.h
configure:6828: gcc -c -g -O2  conftest.c >&5
configure:6835: $? = 0
configure:6852: result: yes
configure:6807: checking for string.h
configure:6828: gcc -c -g -O2  conftest.c >&5
configure:6835: $? = 0
configure:6852: result: yes
configure:6807: checking for memory.h
configure:6828: gcc -c -g -O2  conftest.c >&5
configure:6835: $? = 0
configure:6852: result: yes
configure:6807: checking for strings.h
configure:6828: gcc -c -g -O2  conftest.c >&5
configure:6835: $? = 0
configure:6852: result: yes
configure:6807: checking for inttypes.h
configure:6828: gcc -c -g -O2  conftest.c >&5
configure:6835: $? = 0
configure:6852: result: yes
configure:6807: checking for stdint.h
configure:6828: gcc -c -g -O2  conftest.c >&5
configure:6835: $? = 0
configure:6852: result: yes
configure:6807: checking for unistd.h
configure:6828: gcc -c -g -O2  conftest.c >&5
configure:6835: $? = 0
configure:6852: result: yes
configure:6870: checking for dlfcn.h
configure:6891: gcc -c -g -O2  conftest.c >&5
configure:6898: $? = 0
configure:6915: result: yes
configure:7042: checking for C++ compiler version
configure:7050: g++ --version >&5
g++ (GCC) 4.4.7 20120313 (Red Hat 4.4.7-3)
Copyright (C) 2010 Free Software Foundation, Inc.
This is free software; see the source for copying conditions.  There is NO
warranty; not even for MERCHANTABILITY or FITNESS FOR A PARTICULAR PURPOSE.

configure:7054: $? = 0
configure:7061: g++ -v >&5
Using built-in specs.
Target: x86_64-redhat-linux
Configured with: ../configure --prefix=/usr --mandir=/usr/share/man --infodir=/usr/share/info --with-bugurl=http://bugzilla.redhat.com/bugzilla --enable-bootstrap --enable-shared --enable-threads=posix --enable-checking=release --with-system-zlib --enable-__cxa_atexit --disable-libunwind-exceptions --enable-gnu-unique-object --enable-languages=c,c++,objc,obj-c++,java,fortran,ada --enable-java-awt=gtk --disable-dssi --with-java-home=/usr/lib/jvm/java-1.5.0-gcj-1.5.0.0/jre --enable-libgcj-multifile --enable-java-maintainer-mode --with-ecj-jar=/usr/share/java/eclipse-ecj.jar --disable-libjava-multilib --with-ppl --with-cloog --with-tune=generic --with-arch_32=i686 --build=x86_64-redhat-linux
Thread model: posix
gcc version 4.4.7 20120313 (Red Hat 4.4.7-3) (GCC) 
configure:7065: $? = 0
configure:7072: g++ -V >&5
g++: '-V' option must have argument
configure:7076: $? = 1
configure:7079: checking whether we are using the GNU C++ compiler
configure:7132: result: yes
configure:7141: checking whether g++ accepts -g
configure:7279: result: yes
configure:7310: checking how to run the C++ preprocessor
configure:7346: g++ -E  conftest.cpp
configure:7353: $? = 0
configure:7384: g++ -E  conftest.cpp
conftest.cpp:19:28: error: ac_nonexistent.h: No such file or directory
configure:7391: $? = 1
configure: failed program was:
| /* confdefs.h.  */
| #define PACKAGE_NAME "openggsn"
| #define PACKAGE_TARNAME "openggsn"
| #define PACKAGE_VERSION "0.91"
| #define PACKAGE_STRING "openggsn 0.91"
| #define PACKAGE_BUGREPORT "laforge@gnumonks.org"
| #define STDC_HEADERS 1
| #define HAVE_SYS_TYPES_H 1
| #define HAVE_SYS_STAT_H 1
| #define HAVE_STDLIB_H 1
| #define HAVE_STRING_H 1
| #define HAVE_MEMORY_H 1
| #define HAVE_STRINGS_H 1
| #define HAVE_INTTYPES_H 1
| #define HAVE_STDINT_H 1
| #define HAVE_UNISTD_H 1
| #define HAVE_DLFCN_H 1
| /* end confdefs.h.  */
| #include <ac_nonexistent.h>
configure:7424: result: g++ -E
configure:7453: g++ -E  conftest.cpp
configure:7460: $? = 0
configure:7491: g++ -E  conftest.cpp
conftest.cpp:19:28: error: ac_nonexistent.h: No such file or directory
configure:7498: $? = 1
configure: failed program was:
| /* confdefs.h.  */
| #define PACKAGE_NAME "openggsn"
| #define PACKAGE_TARNAME "openggsn"
| #define PACKAGE_VERSION "0.91"
| #define PACKAGE_STRING "openggsn 0.91"
| #define PACKAGE_BUGREPORT "laforge@gnumonks.org"
| #define STDC_HEADERS 1
| #define HAVE_SYS_TYPES_H 1
| #define HAVE_SYS_STAT_H 1
| #define HAVE_STDLIB_H 1
| #define HAVE_STRING_H 1
| #define HAVE_MEMORY_H 1
| #define HAVE_STRINGS_H 1
| #define HAVE_INTTYPES_H 1
| #define HAVE_STDINT_H 1
| #define HAVE_UNISTD_H 1
| #define HAVE_DLFCN_H 1
| /* end confdefs.h.  */
| #include <ac_nonexistent.h>
configure:7712: checking for objdir
configure:7727: result: .libs
configure:8019: checking if gcc supports -fno-rtti -fno-exceptions
configure:8037: gcc -c -g -O2  -fno-rtti -fno-exceptions conftest.c >&5
cc1: warning: command line option "-fno-rtti" is valid for C++/ObjC++ but not for C
configure:8041: $? = 0
configure:8054: result: no
configure:8074: checking for gcc option to produce PIC
configure:8346: result: -fPIC -DPIC
configure:8358: checking if gcc PIC flag -fPIC -DPIC works
configure:8376: gcc -c -g -O2  -fPIC -DPIC -DPIC conftest.c >&5
configure:8380: $? = 0
configure:8393: result: yes
configure:8417: checking if gcc static flag -static works
configure:8445: result: yes
configure:8460: checking if gcc supports -c -o file.o
configure:8481: gcc -c -g -O2  -o out/conftest2.o conftest.c >&5
configure:8485: $? = 0
configure:8507: result: yes
configure:8515: checking if gcc supports -c -o file.o
configure:8562: result: yes
configure:8595: checking whether the gcc linker (/usr/bin/ld -m elf_x86_64) supports shared libraries
configure:9669: result: yes
configure:9706: checking whether -lc should be explicitly linked in
configure:9711: gcc -c -g -O2  conftest.c >&5
configure:9714: $? = 0
configure:9729: gcc -shared conftest.o  -v -Wl,-soname -Wl,conftest -o conftest 2\>\&1 \| /bin/grep  -lc  \>/dev/null 2\>\&1
configure:9732: $? = 0
configure:9744: result: no
configure:9908: checking dynamic linker characteristics
configure:10351: gcc -o conftest -g -O2   -Wl,-rpath -Wl,/foo conftest.c  >&5
configure:10358: $? = 0
configure:10594: result: GNU/Linux ld.so
configure:10696: checking how to hardcode library paths into programs
configure:10721: result: immediate
configure:11554: checking whether stripping libraries is possible
configure:11559: result: yes
configure:11594: checking if libtool supports shared libraries
configure:11596: result: yes
configure:11599: checking whether to build shared libraries
configure:11620: result: yes
configure:11623: checking whether to build static libraries
configure:11627: result: yes
configure:11777: checking for ld used by g++
configure:11844: result: /usr/bin/ld -m elf_x86_64
configure:11853: checking if the linker (/usr/bin/ld -m elf_x86_64) is GNU ld
configure:11868: result: yes
configure:11923: checking whether the g++ linker (/usr/bin/ld -m elf_x86_64) supports shared libraries
configure:12898: result: yes
configure:12926: g++ -c -g -O2  conftest.cpp >&5
configure:12929: $? = 0
configure:13111: checking for g++ option to produce PIC
configure:13428: result: -fPIC -DPIC
configure:13437: checking if g++ PIC flag -fPIC -DPIC works
configure:13455: g++ -c -g -O2  -fPIC -DPIC -DPIC conftest.cpp >&5
configure:13459: $? = 0
configure:13472: result: yes
configure:13493: checking if g++ static flag -static works
configure:13521: result: yes
configure:13533: checking if g++ supports -c -o file.o
configure:13554: g++ -c -g -O2  -o out/conftest2.o conftest.cpp >&5
configure:13558: $? = 0
configure:13580: result: yes
configure:13585: checking if g++ supports -c -o file.o
configure:13632: result: yes
configure:13662: checking whether the g++ linker (/usr/bin/ld -m elf_x86_64) supports shared libraries
configure:13688: result: yes
configure:13825: checking dynamic linker characteristics
configure:14216: g++ -o conftest -g -O2   -Wl,-rpath -Wl,/foo conftest.cpp  >&5
configure:14223: $? = 0
configure:14459: result: GNU/Linux ld.so
configure:14510: checking how to hardcode library paths into programs
configure:14535: result: immediate
configure:14623: checking for ANSI C header files
configure:14791: result: yes
configure:14801: checking for sys/wait.h that is POSIX.1 compatible
configure:14837: gcc -c -g -O2  conftest.c >&5
configure:14844: $? = 0
configure:14859: result: yes
configure:14896: checking arpa/inet.h usability
configure:14913: gcc -c -g -O2  conftest.c >&5
configure:14920: $? = 0
configure:14934: result: yes
configure:14938: checking arpa/inet.h presence
configure:14953: gcc -E  conftest.c
configure:14960: $? = 0
configure:14974: result: yes
configure:15007: checking for arpa/inet.h
configure:15016: result: yes
configure:14896: checking fcntl.h usability
configure:14913: gcc -c -g -O2  conftest.c >&5
configure:14920: $? = 0
configure:14934: result: yes
configure:14938: checking fcntl.h presence
configure:14953: gcc -E  conftest.c
configure:14960: $? = 0
configure:14974: result: yes
configure:15007: checking for fcntl.h
configure:15016: result: yes
configure:14896: checking netdb.h usability
configure:14913: gcc -c -g -O2  conftest.c >&5
configure:14920: $? = 0
configure:14934: result: yes
configure:14938: checking netdb.h presence
configure:14953: gcc -E  conftest.c
configure:14960: $? = 0
configure:14974: result: yes
configure:15007: checking for netdb.h
configure:15016: result: yes
configure:14896: checking netinet/in.h usability
configure:14913: gcc -c -g -O2  conftest.c >&5
configure:14920: $? = 0
configure:14934: result: yes
configure:14938: checking netinet/in.h presence
configure:14953: gcc -E  conftest.c
configure:14960: $? = 0
configure:14974: result: yes
configure:15007: checking for netinet/in.h
configure:15016: result: yes
configure:14885: checking for stdint.h
configure:14892: result: yes
configure:14885: checking for stdlib.h
configure:14892: result: yes
configure:14885: checking for string.h
configure:14892: result: yes
configure:14896: checking sys/ioctl.h usability
configure:14913: gcc -c -g -O2  conftest.c >&5
configure:14920: $? = 0
configure:14934: result: yes
configure:14938: checking sys/ioctl.h presence
configure:14953: gcc -E  conftest.c
configure:14960: $? = 0
configure:14974: result: yes
configure:15007: checking for sys/ioctl.h
configure:15016: result: yes
configure:14896: checking sys/socket.h usability
configure:14913: gcc -c -g -O2  conftest.c >&5
configure:14920: $? = 0
configure:14934: result: yes
configure:14938: checking sys/socket.h presence
configure:14953: gcc -E  conftest.c
configure:14960: $? = 0
configure:14974: result: yes
configure:15007: checking for sys/socket.h
configure:15016: result: yes
configure:14896: checking sys/time.h usability
configure:14913: gcc -c -g -O2  conftest.c >&5
configure:14920: $? = 0
configure:14934: result: yes
configure:14938: checking sys/time.h presence
configure:14953: gcc -E  conftest.c
configure:14960: $? = 0
configure:14974: result: yes
configure:15007: checking for sys/time.h
configure:15016: result: yes
configure:14896: checking syslog.h usability
configure:14913: gcc -c -g -O2  conftest.c >&5
configure:14920: $? = 0
configure:14934: result: yes
configure:14938: checking syslog.h presence
configure:14953: gcc -E  conftest.c
configure:14960: $? = 0
configure:14974: result: yes
configure:15007: checking for syslog.h
configure:15016: result: yes
configure:14885: checking for unistd.h
configure:14892: result: yes
configure:15050: checking linux/if.h usability
configure:15067: gcc -c -g -O2  conftest.c >&5
In file included from conftest.c:67:
/usr/include/linux/if.h:184: error: field 'ifru_addr' has incomplete type
/usr/include/linux/if.h:185: error: field 'ifru_dstaddr' has incomplete type
/usr/include/linux/if.h:186: error: field 'ifru_broadaddr' has incomplete type
/usr/include/linux/if.h:187: error: field 'ifru_netmask' has incomplete type
/usr/include/linux/if.h:188: error: field 'ifru_hwaddr' has incomplete type
configure:15074: $? = 1
configure: failed program was:
| /* confdefs.h.  */
| #define PACKAGE_NAME "openggsn"
| #define PACKAGE_TARNAME "openggsn"
| #define PACKAGE_VERSION "0.91"
| #define PACKAGE_STRING "openggsn 0.91"
| #define PACKAGE_BUGREPORT "laforge@gnumonks.org"
| #define STDC_HEADERS 1
| #define HAVE_SYS_TYPES_H 1
| #define HAVE_SYS_STAT_H 1
| #define HAVE_STDLIB_H 1
| #define HAVE_STRING_H 1
| #define HAVE_MEMORY_H 1
| #define HAVE_STRINGS_H 1
| #define HAVE_INTTYPES_H 1
| #define HAVE_STDINT_H 1
| #define HAVE_UNISTD_H 1
| #define HAVE_DLFCN_H 1
| #define LT_OBJDIR ".libs/"
| #define STDC_HEADERS 1
| #define HAVE_SYS_WAIT_H 1
| #define HAVE_ARPA_INET_H 1
| #define HAVE_FCNTL_H 1
| #define HAVE_NETDB_H 1
| #define HAVE_NETINET_IN_H 1
| #define HAVE_STDINT_H 1
| #define HAVE_STDLIB_H 1
| #define HAVE_STRING_H 1
| #define HAVE_SYS_IOCTL_H 1
| #define HAVE_SYS_SOCKET_H 1
| #define HAVE_SYS_TIME_H 1
| #define HAVE_SYSLOG_H 1
| #define HAVE_UNISTD_H 1
| /* end confdefs.h.  */
| #include <stdio.h>
| #ifdef HAVE_SYS_TYPES_H
| # include <sys/types.h>
| #endif
| #ifdef HAVE_SYS_STAT_H
| # include <sys/stat.h>
| #endif
| #ifdef STDC_HEADERS
| # include <stdlib.h>
| # include <stddef.h>
| #else
| # ifdef HAVE_STDLIB_H
| #  include <stdlib.h>
| # endif
| #endif
| #ifdef HAVE_STRING_H
| # if !defined STDC_HEADERS && defined HAVE_MEMORY_H
| #  include <memory.h>
| # endif
| # include <string.h>
| #endif
| #ifdef HAVE_STRINGS_H
| # include <strings.h>
| #endif
| #ifdef HAVE_INTTYPES_H
| # include <inttypes.h>
| #endif
| #ifdef HAVE_STDINT_H
| # include <stdint.h>
| #endif
| #ifdef HAVE_UNISTD_H
| # include <unistd.h>
| #endif
| #include <linux/if.h>
configure:15088: result: no
configure:15092: checking linux/if.h presence
configure:15107: gcc -E  conftest.c
configure:15114: $? = 0
configure:15128: result: yes
configure:15141: WARNING: linux/if.h: present but cannot be compiled
configure:15143: WARNING: linux/if.h:     check for missing prerequisite headers?
configure:15145: WARNING: linux/if.h: see the Autoconf documentation
configure:15147: WARNING: linux/if.h:     section "Present But Cannot Be Compiled"
configure:15149: WARNING: linux/if.h: proceeding with the preprocessor's result
configure:15151: WARNING: linux/if.h: in the future, the compiler will take precedence
configure:15161: checking for linux/if.h
configure:15170: result: yes
configure:15050: checking net/if.h usability
configure:15067: gcc -c -g -O2  conftest.c >&5
configure:15074: $? = 0
configure:15088: result: yes
configure:15092: checking net/if.h presence
configure:15107: gcc -E  conftest.c
configure:15114: $? = 0
configure:15128: result: yes
configure:15161: checking for net/if.h
configure:15170: result: yes
configure:15204: checking linux/if_tun.h usability
configure:15221: gcc -c -g -O2  conftest.c >&5
configure:15228: $? = 0
configure:15242: result: yes
configure:15246: checking linux/if_tun.h presence
configure:15261: gcc -E  conftest.c
configure:15268: $? = 0
configure:15282: result: yes
configure:15315: checking for linux/if_tun.h
configure:15324: result: yes
configure:15204: checking net/if_tun.h usability
configure:15221: gcc -c -g -O2  conftest.c >&5
conftest.c:70:24: error: net/if_tun.h: No such file or directory
configure:15228: $? = 1
configure: failed program was:
| /* confdefs.h.  */
| #define PACKAGE_NAME "openggsn"
| #define PACKAGE_TARNAME "openggsn"
| #define PACKAGE_VERSION "0.91"
| #define PACKAGE_STRING "openggsn 0.91"
| #define PACKAGE_BUGREPORT "laforge@gnumonks.org"
| #define STDC_HEADERS 1
| #define HAVE_SYS_TYPES_H 1
| #define HAVE_SYS_STAT_H 1
| #define HAVE_STDLIB_H 1
| #define HAVE_STRING_H 1
| #define HAVE_MEMORY_H 1
| #define HAVE_STRINGS_H 1
| #define HAVE_INTTYPES_H 1
| #define HAVE_STDINT_H 1
| #define HAVE_UNISTD_H 1
| #define HAVE_DLFCN_H 1
| #define LT_OBJDIR ".libs/"
| #define STDC_HEADERS 1
| #define HAVE_SYS_WAIT_H 1
| #define HAVE_ARPA_INET_H 1
| #define HAVE_FCNTL_H 1
| #define HAVE_NETDB_H 1
| #define HAVE_NETINET_IN_H 1
| #define HAVE_STDINT_H 1
| #define HAVE_STDLIB_H 1
| #define HAVE_STRING_H 1
| #define HAVE_SYS_IOCTL_H 1
| #define HAVE_SYS_SOCKET_H 1
| #define HAVE_SYS_TIME_H 1
| #define HAVE_SYSLOG_H 1
| #define HAVE_UNISTD_H 1
| #define HAVE_LINUX_IF_H 1
| #define HAVE_NET_IF_H 1
| #define HAVE_LINUX_IF_TUN_H 1
| /* end confdefs.h.  */
| #include <stdio.h>
| #ifdef HAVE_SYS_TYPES_H
| # include <sys/types.h>
| #endif
| #ifdef HAVE_SYS_STAT_H
| # include <sys/stat.h>
| #endif
| #ifdef STDC_HEADERS
| # include <stdlib.h>
| # include <stddef.h>
| #else
| # ifdef HAVE_STDLIB_H
| #  include <stdlib.h>
| # endif
| #endif
| #ifdef HAVE_STRING_H
| # if !defined STDC_HEADERS && defined HAVE_MEMORY_H
| #  include <memory.h>
| # endif
| # include <string.h>
| #endif
| #ifdef HAVE_STRINGS_H
| # include <strings.h>
| #endif
| #ifdef HAVE_INTTYPES_H
| # include <inttypes.h>
| #endif
| #ifdef HAVE_STDINT_H
| # include <stdint.h>
| #endif
| #ifdef HAVE_UNISTD_H
| # include <unistd.h>
| #endif
| #include <net/if_tun.h>
configure:15242: result: no
configure:15246: checking net/if_tun.h presence
configure:15261: gcc -E  conftest.c
conftest.c:37:24: error: net/if_tun.h: No such file or directory
configure:15268: $? = 1
configure: failed program was:
| /* confdefs.h.  */
| #define PACKAGE_NAME "openggsn"
| #define PACKAGE_TARNAME "openggsn"
| #define PACKAGE_VERSION "0.91"
| #define PACKAGE_STRING "openggsn 0.91"
| #define PACKAGE_BUGREPORT "laforge@gnumonks.org"
| #define STDC_HEADERS 1
| #define HAVE_SYS_TYPES_H 1
| #define HAVE_SYS_STAT_H 1
| #define HAVE_STDLIB_H 1
| #define HAVE_STRING_H 1
| #define HAVE_MEMORY_H 1
| #define HAVE_STRINGS_H 1
| #define HAVE_INTTYPES_H 1
| #define HAVE_STDINT_H 1
| #define HAVE_UNISTD_H 1
| #define HAVE_DLFCN_H 1
| #define LT_OBJDIR ".libs/"
| #define STDC_HEADERS 1
| #define HAVE_SYS_WAIT_H 1
| #define HAVE_ARPA_INET_H 1
| #define HAVE_FCNTL_H 1
| #define HAVE_NETDB_H 1
| #define HAVE_NETINET_IN_H 1
| #define HAVE_STDINT_H 1
| #define HAVE_STDLIB_H 1
| #define HAVE_STRING_H 1
| #define HAVE_SYS_IOCTL_H 1
| #define HAVE_SYS_SOCKET_H 1
| #define HAVE_SYS_TIME_H 1
| #define HAVE_SYSLOG_H 1
| #define HAVE_UNISTD_H 1
| #define HAVE_LINUX_IF_H 1
| #define HAVE_NET_IF_H 1
| #define HAVE_LINUX_IF_TUN_H 1
| /* end confdefs.h.  */
| #include <net/if_tun.h>
configure:15282: result: no
configure:15315: checking for net/if_tun.h
configure:15324: result: no
configure:15358: checking linux/netlink.h usability
configure:15375: gcc -c -g -O2  conftest.c >&5
In file included from conftest.c:70:
/usr/include/linux/netlink.h:35: error: expected specifier-qualifier-list before 'sa_family_t'
configure:15382: $? = 1
configure: failed program was:
| /* confdefs.h.  */
| #define PACKAGE_NAME "openggsn"
| #define PACKAGE_TARNAME "openggsn"
| #define PACKAGE_VERSION "0.91"
| #define PACKAGE_STRING "openggsn 0.91"
| #define PACKAGE_BUGREPORT "laforge@gnumonks.org"
| #define STDC_HEADERS 1
| #define HAVE_SYS_TYPES_H 1
| #define HAVE_SYS_STAT_H 1
| #define HAVE_STDLIB_H 1
| #define HAVE_STRING_H 1
| #define HAVE_MEMORY_H 1
| #define HAVE_STRINGS_H 1
| #define HAVE_INTTYPES_H 1
| #define HAVE_STDINT_H 1
| #define HAVE_UNISTD_H 1
| #define HAVE_DLFCN_H 1
| #define LT_OBJDIR ".libs/"
| #define STDC_HEADERS 1
| #define HAVE_SYS_WAIT_H 1
| #define HAVE_ARPA_INET_H 1
| #define HAVE_FCNTL_H 1
| #define HAVE_NETDB_H 1
| #define HAVE_NETINET_IN_H 1
| #define HAVE_STDINT_H 1
| #define HAVE_STDLIB_H 1
| #define HAVE_STRING_H 1
| #define HAVE_SYS_IOCTL_H 1
| #define HAVE_SYS_SOCKET_H 1
| #define HAVE_SYS_TIME_H 1
| #define HAVE_SYSLOG_H 1
| #define HAVE_UNISTD_H 1
| #define HAVE_LINUX_IF_H 1
| #define HAVE_NET_IF_H 1
| #define HAVE_LINUX_IF_TUN_H 1
| /* end confdefs.h.  */
| #include <stdio.h>
| #ifdef HAVE_SYS_TYPES_H
| # include <sys/types.h>
| #endif
| #ifdef HAVE_SYS_STAT_H
| # include <sys/stat.h>
| #endif
| #ifdef STDC_HEADERS
| # include <stdlib.h>
| # include <stddef.h>
| #else
| # ifdef HAVE_STDLIB_H
| #  include <stdlib.h>
| # endif
| #endif
| #ifdef HAVE_STRING_H
| # if !defined STDC_HEADERS && defined HAVE_MEMORY_H
| #  include <memory.h>
| # endif
| # include <string.h>
| #endif
| #ifdef HAVE_STRINGS_H
| # include <strings.h>
| #endif
| #ifdef HAVE_INTTYPES_H
| # include <inttypes.h>
| #endif
| #ifdef HAVE_STDINT_H
| # include <stdint.h>
| #endif
| #ifdef HAVE_UNISTD_H
| # include <unistd.h>
| #endif
| #include <linux/netlink.h>
configure:15396: result: no
configure:15400: checking linux/netlink.h presence
configure:15415: gcc -E  conftest.c
configure:15422: $? = 0
configure:15436: result: yes
configure:15449: WARNING: linux/netlink.h: present but cannot be compiled
configure:15451: WARNING: linux/netlink.h:     check for missing prerequisite headers?
configure:15453: WARNING: linux/netlink.h: see the Autoconf documentation
configure:15455: WARNING: linux/netlink.h:     section "Present But Cannot Be Compiled"
configure:15457: WARNING: linux/netlink.h: proceeding with the preprocessor's result
configure:15459: WARNING: linux/netlink.h: in the future, the compiler will take precedence
configure:15469: checking for linux/netlink.h
configure:15478: result: yes
configure:15358: checking linux/rtnetlink.h usability
configure:15375: gcc -c -g -O2  conftest.c >&5
In file included from /usr/include/linux/rtnetlink.h:5,
                 from conftest.c:71:
/usr/include/linux/netlink.h:35: error: expected specifier-qualifier-list before 'sa_family_t'
configure:15382: $? = 1
configure: failed program was:
| /* confdefs.h.  */
| #define PACKAGE_NAME "openggsn"
| #define PACKAGE_TARNAME "openggsn"
| #define PACKAGE_VERSION "0.91"
| #define PACKAGE_STRING "openggsn 0.91"
| #define PACKAGE_BUGREPORT "laforge@gnumonks.org"
| #define STDC_HEADERS 1
| #define HAVE_SYS_TYPES_H 1
| #define HAVE_SYS_STAT_H 1
| #define HAVE_STDLIB_H 1
| #define HAVE_STRING_H 1
| #define HAVE_MEMORY_H 1
| #define HAVE_STRINGS_H 1
| #define HAVE_INTTYPES_H 1
| #define HAVE_STDINT_H 1
| #define HAVE_UNISTD_H 1
| #define HAVE_DLFCN_H 1
| #define LT_OBJDIR ".libs/"
| #define STDC_HEADERS 1
| #define HAVE_SYS_WAIT_H 1
| #define HAVE_ARPA_INET_H 1
| #define HAVE_FCNTL_H 1
| #define HAVE_NETDB_H 1
| #define HAVE_NETINET_IN_H 1
| #define HAVE_STDINT_H 1
| #define HAVE_STDLIB_H 1
| #define HAVE_STRING_H 1
| #define HAVE_SYS_IOCTL_H 1
| #define HAVE_SYS_SOCKET_H 1
| #define HAVE_SYS_TIME_H 1
| #define HAVE_SYSLOG_H 1
| #define HAVE_UNISTD_H 1
| #define HAVE_LINUX_IF_H 1
| #define HAVE_NET_IF_H 1
| #define HAVE_LINUX_IF_TUN_H 1
| #define HAVE_LINUX_NETLINK_H 1
| /* end confdefs.h.  */
| #include <stdio.h>
| #ifdef HAVE_SYS_TYPES_H
| # include <sys/types.h>
| #endif
| #ifdef HAVE_SYS_STAT_H
| # include <sys/stat.h>
| #endif
| #ifdef STDC_HEADERS
| # include <stdlib.h>
| # include <stddef.h>
| #else
| # ifdef HAVE_STDLIB_H
| #  include <stdlib.h>
| # endif
| #endif
| #ifdef HAVE_STRING_H
| # if !defined STDC_HEADERS && defined HAVE_MEMORY_H
| #  include <memory.h>
| # endif
| # include <string.h>
| #endif
| #ifdef HAVE_STRINGS_H
| # include <strings.h>
| #endif
| #ifdef HAVE_INTTYPES_H
| # include <inttypes.h>
| #endif
| #ifdef HAVE_STDINT_H
| # include <stdint.h>
| #endif
| #ifdef HAVE_UNISTD_H
| # include <unistd.h>
| #endif
| #include <linux/rtnetlink.h>
configure:15396: result: no
configure:15400: checking linux/rtnetlink.h presence
configure:15415: gcc -E  conftest.c
configure:15422: $? = 0
configure:15436: result: yes
configure:15449: WARNING: linux/rtnetlink.h: present but cannot be compiled
configure:15451: WARNING: linux/rtnetlink.h:     check for missing prerequisite headers?
configure:15453: WARNING: linux/rtnetlink.h: see the Autoconf documentation
configure:15455: WARNING: linux/rtnetlink.h:     section "Present But Cannot Be Compiled"
configure:15457: WARNING: linux/rtnetlink.h: proceeding with the preprocessor's result
configure:15459: WARNING: linux/rtnetlink.h: in the future, the compiler will take precedence
configure:15469: checking for linux/rtnetlink.h
configure:15478: result: yes
configure:15496: checking for an ANSI C-conforming const
configure:15571: gcc -c -g -O2  conftest.c >&5
configure:15578: $? = 0
configure:15593: result: yes
configure:15603: checking for mode_t
configure:15631: gcc -c -g -O2  conftest.c >&5
configure:15638: $? = 0
configure:15665: gcc -c -g -O2  conftest.c >&5
conftest.c: In function 'main':
conftest.c:75: error: expected expression before ')' token
configure:15672: $? = 1
configure: failed program was:
| /* confdefs.h.  */
| #define PACKAGE_NAME "openggsn"
| #define PACKAGE_TARNAME "openggsn"
| #define PACKAGE_VERSION "0.91"
| #define PACKAGE_STRING "openggsn 0.91"
| #define PACKAGE_BUGREPORT "laforge@gnumonks.org"
| #define STDC_HEADERS 1
| #define HAVE_SYS_TYPES_H 1
| #define HAVE_SYS_STAT_H 1
| #define HAVE_STDLIB_H 1
| #define HAVE_STRING_H 1
| #define HAVE_MEMORY_H 1
| #define HAVE_STRINGS_H 1
| #define HAVE_INTTYPES_H 1
| #define HAVE_STDINT_H 1
| #define HAVE_UNISTD_H 1
| #define HAVE_DLFCN_H 1
| #define LT_OBJDIR ".libs/"
| #define STDC_HEADERS 1
| #define HAVE_SYS_WAIT_H 1
| #define HAVE_ARPA_INET_H 1
| #define HAVE_FCNTL_H 1
| #define HAVE_NETDB_H 1
| #define HAVE_NETINET_IN_H 1
| #define HAVE_STDINT_H 1
| #define HAVE_STDLIB_H 1
| #define HAVE_STRING_H 1
| #define HAVE_SYS_IOCTL_H 1
| #define HAVE_SYS_SOCKET_H 1
| #define HAVE_SYS_TIME_H 1
| #define HAVE_SYSLOG_H 1
| #define HAVE_UNISTD_H 1
| #define HAVE_LINUX_IF_H 1
| #define HAVE_NET_IF_H 1
| #define HAVE_LINUX_IF_TUN_H 1
| #define HAVE_LINUX_NETLINK_H 1
| #define HAVE_LINUX_RTNETLINK_H 1
| /* end confdefs.h.  */
| #include <stdio.h>
| #ifdef HAVE_SYS_TYPES_H
| # include <sys/types.h>
| #endif
| #ifdef HAVE_SYS_STAT_H
| # include <sys/stat.h>
| #endif
| #ifdef STDC_HEADERS
| # include <stdlib.h>
| # include <stddef.h>
| #else
| # ifdef HAVE_STDLIB_H
| #  include <stdlib.h>
| # endif
| #endif
| #ifdef HAVE_STRING_H
| # if !defined STDC_HEADERS && defined HAVE_MEMORY_H
| #  include <memory.h>
| # endif
| # include <string.h>
| #endif
| #ifdef HAVE_STRINGS_H
| # include <strings.h>
| #endif
| #ifdef HAVE_INTTYPES_H
| # include <inttypes.h>
| #endif
| #ifdef HAVE_STDINT_H
| # include <stdint.h>
| #endif
| #ifdef HAVE_UNISTD_H
| # include <unistd.h>
| #endif
| int
| main ()
| {
| if (sizeof ((mode_t)))
| 	  return 0;
|   ;
|   return 0;
| }
configure:15695: result: yes
configure:15707: checking for size_t
configure:15735: gcc -c -g -O2  conftest.c >&5
configure:15742: $? = 0
configure:15769: gcc -c -g -O2  conftest.c >&5
conftest.c: In function 'main':
conftest.c:75: error: expected expression before ')' token
configure:15776: $? = 1
configure: failed program was:
| /* confdefs.h.  */
| #define PACKAGE_NAME "openggsn"
| #define PACKAGE_TARNAME "openggsn"
| #define PACKAGE_VERSION "0.91"
| #define PACKAGE_STRING "openggsn 0.91"
| #define PACKAGE_BUGREPORT "laforge@gnumonks.org"
| #define STDC_HEADERS 1
| #define HAVE_SYS_TYPES_H 1
| #define HAVE_SYS_STAT_H 1
| #define HAVE_STDLIB_H 1
| #define HAVE_STRING_H 1
| #define HAVE_MEMORY_H 1
| #define HAVE_STRINGS_H 1
| #define HAVE_INTTYPES_H 1
| #define HAVE_STDINT_H 1
| #define HAVE_UNISTD_H 1
| #define HAVE_DLFCN_H 1
| #define LT_OBJDIR ".libs/"
| #define STDC_HEADERS 1
| #define HAVE_SYS_WAIT_H 1
| #define HAVE_ARPA_INET_H 1
| #define HAVE_FCNTL_H 1
| #define HAVE_NETDB_H 1
| #define HAVE_NETINET_IN_H 1
| #define HAVE_STDINT_H 1
| #define HAVE_STDLIB_H 1
| #define HAVE_STRING_H 1
| #define HAVE_SYS_IOCTL_H 1
| #define HAVE_SYS_SOCKET_H 1
| #define HAVE_SYS_TIME_H 1
| #define HAVE_SYSLOG_H 1
| #define HAVE_UNISTD_H 1
| #define HAVE_LINUX_IF_H 1
| #define HAVE_NET_IF_H 1
| #define HAVE_LINUX_IF_TUN_H 1
| #define HAVE_LINUX_NETLINK_H 1
| #define HAVE_LINUX_RTNETLINK_H 1
| /* end confdefs.h.  */
| #include <stdio.h>
| #ifdef HAVE_SYS_TYPES_H
| # include <sys/types.h>
| #endif
| #ifdef HAVE_SYS_STAT_H
| # include <sys/stat.h>
| #endif
| #ifdef STDC_HEADERS
| # include <stdlib.h>
| # include <stddef.h>
| #else
| # ifdef HAVE_STDLIB_H
| #  include <stdlib.h>
| # endif
| #endif
| #ifdef HAVE_STRING_H
| # if !defined STDC_HEADERS && defined HAVE_MEMORY_H
| #  include <memory.h>
| # endif
| # include <string.h>
| #endif
| #ifdef HAVE_STRINGS_H
| # include <strings.h>
| #endif
| #ifdef HAVE_INTTYPES_H
| # include <inttypes.h>
| #endif
| #ifdef HAVE_STDINT_H
| # include <stdint.h>
| #endif
| #ifdef HAVE_UNISTD_H
| # include <unistd.h>
| #endif
| int
| main ()
| {
| if (sizeof ((size_t)))
| 	  return 0;
|   ;
|   return 0;
| }
configure:15799: result: yes
configure:15811: checking whether time.h and sys/time.h may both be included
configure:15841: gcc -c -g -O2  conftest.c >&5
configure:15848: $? = 0
configure:15863: result: yes
configure:15875: checking whether struct ifaliasreq exist
configure:15897: result: no
configure:15904: checking whether struct ifreq.ifru_netmask exist
configure:15919: result: yes
configure:15934: checking whether struct rt_msghdr exist
configure:15956: result: no
configure:15965: checking whether gcc needs -traditional
configure:16007: result: no
configure:16027: checking for gethostbyname
configure:16083: gcc -o conftest -g -O2   conftest.c  >&5
configure:16090: $? = 0
configure:16112: result: yes
configure:16027: checking for inet_ntoa
configure:16083: gcc -o conftest -g -O2   conftest.c  >&5
configure:16090: $? = 0
configure:16112: result: yes
configure:16027: checking for memset
configure:16083: gcc -o conftest -g -O2   conftest.c  >&5
conftest.c:66: warning: conflicting types for built-in function 'memset'
configure:16090: $? = 0
configure:16112: result: yes
configure:16027: checking for select
configure:16083: gcc -o conftest -g -O2   conftest.c  >&5
configure:16090: $? = 0
configure:16112: result: yes
configure:16027: checking for socket
configure:16083: gcc -o conftest -g -O2   conftest.c  >&5
configure:16090: $? = 0
configure:16112: result: yes
configure:16027: checking for strdup
configure:16083: gcc -o conftest -g -O2   conftest.c  >&5
conftest.c:69: warning: conflicting types for built-in function 'strdup'
configure:16090: $? = 0
configure:16112: result: yes
configure:16027: checking for strerror
configure:16083: gcc -o conftest -g -O2   conftest.c  >&5
configure:16090: $? = 0
configure:16112: result: yes
configure:16027: checking for strtol
configure:16083: gcc -o conftest -g -O2   conftest.c  >&5
configure:16090: $? = 0
configure:16112: result: yes
configure:16129: checking for inet_aton
configure:16185: gcc -o conftest -g -O2   conftest.c  >&5
configure:16192: $? = 0
configure:16214: result: yes
configure:16247: checking getopt.h usability
configure:16264: gcc -c -g -O2  conftest.c >&5
configure:16271: $? = 0
configure:16285: result: yes
configure:16289: checking getopt.h presence
configure:16304: gcc -E  conftest.c
configure:16311: $? = 0
configure:16325: result: yes
configure:16358: checking for getopt.h
configure:16367: result: yes
configure:16386: checking for getopt_long
configure:16442: gcc -o conftest -g -O2   conftest.c  >&5
configure:16449: $? = 0
configure:16471: result: yes
configure:16578: checking whether build environment is sane
configure:16638: result: yes
configure:16779: checking for a thread-safe mkdir -p
configure:16818: result: /bin/mkdir -p
configure:16827: checking whether make sets $(MAKE)
configure:16849: result: yes
configure:16879: checking for style of include used by make
configure:16907: result: GNU
configure:16994: checking dependency style of gcc
configure:17104: result: gcc3
configure:17121: checking dependency style of g++
configure:17231: result: gcc3
configure:17381: creating ./config.status

## ---------------- ##
## Cache variables. ##
## ---------------- ##

ac_cv_build=x86_64-unknown-linux-gnu
ac_cv_c_compiler_gnu=yes
ac_cv_c_const=yes
ac_cv_cxx_compiler_gnu=yes
ac_cv_env_CCC_set=
ac_cv_env_CCC_value=
ac_cv_env_CC_set=
ac_cv_env_CC_value=
ac_cv_env_CFLAGS_set=
ac_cv_env_CFLAGS_value=
ac_cv_env_CPPFLAGS_set=
ac_cv_env_CPPFLAGS_value=
ac_cv_env_CPP_set=
ac_cv_env_CPP_value=
ac_cv_env_CXXCPP_set=
ac_cv_env_CXXCPP_value=
ac_cv_env_CXXFLAGS_set=
ac_cv_env_CXXFLAGS_value=
ac_cv_env_CXX_set=
ac_cv_env_CXX_value=
ac_cv_env_LDFLAGS_set=
ac_cv_env_LDFLAGS_value=
ac_cv_env_LIBS_set=
ac_cv_env_LIBS_value=
ac_cv_env_build_alias_set=
ac_cv_env_build_alias_value=
ac_cv_env_host_alias_set=
ac_cv_env_host_alias_value=
ac_cv_env_target_alias_set=
ac_cv_env_target_alias_value=
ac_cv_func_gethostbyname=yes
ac_cv_func_getopt_long=yes
ac_cv_func_inet_aton=yes
ac_cv_func_inet_ntoa=yes
ac_cv_func_memset=yes
ac_cv_func_select=yes
ac_cv_func_socket=yes
ac_cv_func_strdup=yes
ac_cv_func_strerror=yes
ac_cv_func_strtol=yes
ac_cv_header_arpa_inet_h=yes
ac_cv_header_dlfcn_h=yes
ac_cv_header_fcntl_h=yes
ac_cv_header_getopt_h=yes
ac_cv_header_inttypes_h=yes
ac_cv_header_linux_if_h=yes
ac_cv_header_linux_if_tun_h=yes
ac_cv_header_linux_netlink_h=yes
ac_cv_header_linux_rtnetlink_h=yes
ac_cv_header_memory_h=yes
ac_cv_header_net_if_h=yes
ac_cv_header_net_if_tun_h=no
ac_cv_header_netdb_h=yes
ac_cv_header_netinet_in_h=yes
ac_cv_header_stdc=yes
ac_cv_header_stdint_h=yes
ac_cv_header_stdlib_h=yes
ac_cv_header_string_h=yes
ac_cv_header_strings_h=yes
ac_cv_header_sys_ioctl_h=yes
ac_cv_header_sys_socket_h=yes
ac_cv_header_sys_stat_h=yes
ac_cv_header_sys_time_h=yes
ac_cv_header_sys_types_h=yes
ac_cv_header_sys_wait_h=yes
ac_cv_header_syslog_h=yes
ac_cv_header_time=yes
ac_cv_header_unistd_h=yes
ac_cv_host=x86_64-unknown-linux-gnu
ac_cv_objext=o
ac_cv_path_EGREP='/bin/grep -E'
ac_cv_path_FGREP='/bin/grep -F'
ac_cv_path_GREP=/bin/grep
ac_cv_path_SED=/bin/sed
ac_cv_path_install='/usr/bin/install -c'
ac_cv_path_mkdir=/bin/mkdir
ac_cv_prog_AWK=gawk
ac_cv_prog_CPP='gcc -E'
ac_cv_prog_CXXCPP='g++ -E'
ac_cv_prog_ac_ct_AR=ar
ac_cv_prog_ac_ct_CC=gcc
ac_cv_prog_ac_ct_CXX=g++
ac_cv_prog_ac_ct_OBJDUMP=objdump
ac_cv_prog_ac_ct_RANLIB=ranlib
ac_cv_prog_ac_ct_STRIP=strip
ac_cv_prog_cc_c89=
ac_cv_prog_cc_g=yes
ac_cv_prog_cxx_g=yes
ac_cv_prog_gcc_traditional=no
ac_cv_prog_make_make_set=yes
ac_cv_target=x86_64-unknown-linux-gnu
ac_cv_type_mode_t=yes
ac_cv_type_size_t=yes
am_cv_CC_dependencies_compiler_type=gcc3
am_cv_CXX_dependencies_compiler_type=gcc3
lt_cv_deplibs_check_method=pass_all
lt_cv_file_magic_cmd='$MAGIC_CMD'
lt_cv_file_magic_test_file=
lt_cv_ld_reload_flag=-r
lt_cv_nm_interface='BSD nm'
lt_cv_objdir=.libs
lt_cv_path_LD=/usr/bin/ld
lt_cv_path_LDCXX='/usr/bin/ld -m elf_x86_64'
lt_cv_path_NM='/usr/bin/nm -B'
lt_cv_prog_compiler_c_o=yes
lt_cv_prog_compiler_c_o_CXX=yes
lt_cv_prog_compiler_pic_works=yes
lt_cv_prog_compiler_pic_works_CXX=yes
lt_cv_prog_compiler_rtti_exceptions=no
lt_cv_prog_compiler_static_works=yes
lt_cv_prog_compiler_static_works_CXX=yes
lt_cv_prog_gnu_ld=yes
lt_cv_prog_gnu_ldcxx=yes
lt_cv_sys_global_symbol_pipe='sed -n -e '\''s/^.*[	 ]\([ABCDGIRSTW][ABCDGIRSTW]*\)[	 ][	 ]*\([_A-Za-z][_A-Za-z0-9]*\)$/\1 \2 \2/p'\'''
lt_cv_sys_global_symbol_to_c_name_address='sed -n -e '\''s/^: \([^ ]*\) $/  {\"\1\", (void *) 0},/p'\'' -e '\''s/^[ABCDGIRSTW]* \([^ ]*\) \([^ ]*\)$/  {"\2", (void *) \&\2},/p'\'''
lt_cv_sys_global_symbol_to_c_name_address_lib_prefix='sed -n -e '\''s/^: \([^ ]*\) $/  {\"\1\", (void *) 0},/p'\'' -e '\''s/^[ABCDGIRSTW]* \([^ ]*\) \(lib[^ ]*\)$/  {"\2", (void *) \&\2},/p'\'' -e '\''s/^[ABCDGIRSTW]* \([^ ]*\) \([^ ]*\)$/  {"lib\2", (void *) \&\2},/p'\'''
lt_cv_sys_global_symbol_to_cdecl='sed -n -e '\''s/^T .* \(.*\)$/extern int \1();/p'\'' -e '\''s/^[ABCDGIRSTW]* .* \(.*\)$/extern char \1;/p'\'''
lt_cv_sys_max_cmd_len=1966080

## ----------------- ##
## Output variables. ##
## ----------------- ##

ACLOCAL='${SHELL} /home/dosxiong/ggsncode/openggsn-0.91/missing --run aclocal-1.11'
AMDEPBACKSLASH='\'
AMDEP_FALSE='#'
AMDEP_TRUE=''
AMTAR='${SHELL} /home/dosxiong/ggsncode/openggsn-0.91/missing --run tar'
AR='ar'
AUTOCONF='${SHELL} /home/dosxiong/ggsncode/openggsn-0.91/missing --run autoconf'
AUTOHEADER='${SHELL} /home/dosxiong/ggsncode/openggsn-0.91/missing --run autoheader'
AUTOMAKE='${SHELL} /home/dosxiong/ggsncode/openggsn-0.91/missing --run automake-1.11'
AWK='gawk'
CC='gcc'
CCDEPMODE='depmode=gcc3'
CFLAGS='-g -O2'
CPP='gcc -E'
CPPFLAGS=''
CXX='g++'
CXXCPP='g++ -E'
CXXDEPMODE='depmode=gcc3'
CXXFLAGS='-g -O2'
CYGPATH_W='echo'
DEFS='-DHAVE_CONFIG_H'
DEPDIR='.deps'
DSYMUTIL=''
DUMPBIN=''
ECHO_C=''
ECHO_N='-n'
ECHO_T=''
EGREP='/bin/grep -E'
EXEC_LDADD=''
EXEC_LDFLAGS=''
EXEEXT=''
FGREP='/bin/grep -F'
GREP='/bin/grep'
INSTALL_DATA='${INSTALL} -m 644'
INSTALL_PROGRAM='${INSTALL}'
INSTALL_SCRIPT='${INSTALL}'
INSTALL_STRIP_PROGRAM='$(install_sh) -c -s'
LD='/usr/bin/ld -m elf_x86_64'
LDFLAGS=''
LIBOBJS=''
LIBS=''
LIBTOOL='$(SHELL) $(top_builddir)/libtool'
LIPO=''
LN_S='ln -s'
LTLIBOBJS=''
MAKEINFO='${SHELL} /home/dosxiong/ggsncode/openggsn-0.91/missing --run makeinfo'
MKDIR_P='/bin/mkdir -p'
NM='/usr/bin/nm -B'
NMEDIT=''
OBJDUMP='objdump'
OBJEXT='o'
OTOOL64=''
OTOOL=''
PACKAGE='openggsn'
PACKAGE_BUGREPORT='laforge@gnumonks.org'
PACKAGE_NAME='openggsn'
PACKAGE_STRING='openggsn 0.91'
PACKAGE_TARNAME='openggsn'
PACKAGE_VERSION='0.91'
PATH_SEPARATOR=':'
RANLIB='ranlib'
SED='/bin/sed'
SET_MAKE=''
SHELL='/bin/sh'
STRIP='strip'
VERSION='0.91'
ac_ct_CC='gcc'
ac_ct_CXX='g++'
ac_ct_DUMPBIN=''
am__EXEEXT_FALSE=''
am__EXEEXT_TRUE='#'
am__fastdepCC_FALSE='#'
am__fastdepCC_TRUE=''
am__fastdepCXX_FALSE='#'
am__fastdepCXX_TRUE=''
am__include='include'
am__isrc=''
am__leading_dot='.'
am__quote=''
am__tar='${AMTAR} chof - "$$tardir"'
am__untar='${AMTAR} xf -'
bindir='${exec_prefix}/bin'
build='x86_64-unknown-linux-gnu'
build_alias=''
build_cpu='x86_64'
build_os='linux-gnu'
build_vendor='unknown'
datadir='${datarootdir}'
datarootdir='${prefix}/share'
docdir='${datarootdir}/doc/${PACKAGE_TARNAME}'
dvidir='${docdir}'
exec_prefix='${prefix}'
host='x86_64-unknown-linux-gnu'
host_alias=''
host_cpu='x86_64'
host_os='linux-gnu'
host_vendor='unknown'
htmldir='${docdir}'
includedir='${prefix}/include'
infodir='${datarootdir}/info'
install_sh='${SHELL} /home/dosxiong/ggsncode/openggsn-0.91/install-sh'
libdir='${exec_prefix}/lib'
libexecdir='${exec_prefix}/libexec'
localedir='${datarootdir}/locale'
localstatedir='${prefix}/var'
lt_ECHO='echo'
mandir='${datarootdir}/man'
mkdir_p='/bin/mkdir -p'
oldincludedir='/usr/include'
pdfdir='${docdir}'
prefix='/usr/local'
program_transform_name='s,x,x,'
psdir='${docdir}'
sbindir='${exec_prefix}/sbin'
sharedstatedir='${prefix}/com'
sysconfdir='${prefix}/etc'
target='x86_64-unknown-linux-gnu'
target_alias=''
target_cpu='x86_64'
target_os='linux-gnu'
target_vendor='unknown'

## ----------- ##
## confdefs.h. ##
## ----------- ##

#define PACKAGE_NAME "openggsn"
#define PACKAGE_TARNAME "openggsn"
#define PACKAGE_VERSION "0.91"
#define PACKAGE_STRING "openggsn 0.91"
#define PACKAGE_BUGREPORT "laforge@gnumonks.org"
#define STDC_HEADERS 1
#define HAVE_SYS_TYPES_H 1
#define HAVE_SYS_STAT_H 1
#define HAVE_STDLIB_H 1
#define HAVE_STRING_H 1
#define HAVE_MEMORY_H 1
#define HAVE_STRINGS_H 1
#define HAVE_INTTYPES_H 1
#define HAVE_STDINT_H 1
#define HAVE_UNISTD_H 1
#define HAVE_DLFCN_H 1
#define LT_OBJDIR ".libs/"
#define STDC_HEADERS 1
#define HAVE_SYS_WAIT_H 1
#define HAVE_ARPA_INET_H 1
#define HAVE_FCNTL_H 1
#define HAVE_NETDB_H 1
#define HAVE_NETINET_IN_H 1
#define HAVE_STDINT_H 1
#define HAVE_STDLIB_H 1
#define HAVE_STRING_H 1
#define HAVE_SYS_IOCTL_H 1
#define HAVE_SYS_SOCKET_H 1
#define HAVE_SYS_TIME_H 1
#define HAVE_SYSLOG_H 1
#define HAVE_UNISTD_H 1
#define HAVE_LINUX_IF_H 1
#define HAVE_NET_IF_H 1
#define HAVE_LINUX_IF_TUN_H 1
#define HAVE_LINUX_NETLINK_H 1
#define HAVE_LINUX_RTNETLINK_H 1
#define TIME_WITH_SYS_TIME 1
#define HAVE_IFREQ_IFRU_NETMASK 1
#define HAVE_GETHOSTBYNAME 1
#define HAVE_INET_NTOA 1
#define HAVE_MEMSET 1
#define HAVE_SELECT 1
#define HAVE_SOCKET 1
#define HAVE_STRDUP 1
#define HAVE_STRERROR 1
#define HAVE_STRTOL 1
#define HAVE_INET_ATON 1
#define HAVE_GETOPT_H 1
#define HAVE_GETOPT_LONG 1
#define PACKAGE "openggsn"
#define VERSION "0.91"

configure: exit 0

## ---------------------- ##
## Running config.status. ##
## ---------------------- ##

This file was extended by openggsn config.status 0.91, which was
generated by GNU Autoconf 2.63.  Invocation command line was

  CONFIG_FILES    = 
  CONFIG_HEADERS  = 
  CONFIG_LINKS    = 
  CONFIG_COMMANDS = 
  $ ./config.status 

on localhost.localdomain

config.status:1099: creating Makefile
config.status:1099: creating doc/Makefile
config.status:1099: creating ggsn/Makefile
config.status:1099: creating gtp/Makefile
config.status:1099: creating intl/Makefile
config.status:1099: creating po/Makefile
config.status:1099: creating sgsnemu/Makefile
config.status:1099: creating src/Makefile
config.status:1099: creating tests/Makefile
config.status:1099: creating openggsn.spec
config.status:1099: creating config.h
config.status:1321: config.h is unchanged
config.status:1408: executing libtool commands
config.status:1408: executing depfiles commands

## ---------------------- ##
## Running config.status. ##
## ---------------------- ##

This file was extended by openggsn config.status 0.91, which was
generated by GNU Autoconf 2.63.  Invocation command line was

  CONFIG_FILES    = 
  CONFIG_HEADERS  = 
  CONFIG_LINKS    = 
  CONFIG_COMMANDS = 
  $ ./config.status config.h

on localhost.localdomain

config.status:1099: creating config.h
config.status:1321: config.h is unchanged

## ---------------------- ##
## Running config.status. ##
## ---------------------- ##

This file was extended by openggsn config.status 0.91, which was
generated by GNU Autoconf 2.63.  Invocation command line was

  CONFIG_FILES    = 
  CONFIG_HEADERS  = 
  CONFIG_LINKS    = 
  CONFIG_COMMANDS = 
  $ ./config.status ggsn/Makefile depfiles

on localhost.localdomain

config.status:1099: creating ggsn/Makefile
config.status:1408: executing depfiles commands
